This file contains any messages produced by compilers while
running configure, to aid debugging if configure makes a mistake.

It was created by configure, which was
generated by GNU Autoconf 2.63.  Invocation command line was

  $ ./configure 

## --------- ##
## Platform. ##
## --------- ##

hostname = pearl
uname -m = x86_64
uname -r = 2.6.32-5-amd64
uname -s = Linux
uname -v = #1 SMP Sun Sep 23 10:07:46 UTC 2012

/usr/bin/uname -p = unknown
/bin/uname -X     = unknown

/bin/arch              = unknown
/usr/bin/arch -k       = unknown
/usr/convex/getsysinfo = unknown
/usr/bin/hostinfo      = unknown
/bin/machine           = unknown
/usr/bin/oslevel       = unknown
/bin/universe          = unknown

PATH: /home/hill/local/bin
PATH: /home/hill/bin
PATH: /home/hill/sim/omnetpp-4.1/bin
PATH: /usr/local/bin
PATH: /usr/bin
PATH: /bin
PATH: /usr/bin/X11
PATH: /usr/games


## ----------- ##
## Core tests. ##
## ----------- ##

configure:1876: checking for a BSD-compatible install
configure:1944: result: /usr/bin/install -c
configure:1955: checking whether build environment is sane
configure:2015: result: yes
configure:2043: WARNING: `missing' script is too old or missing
configure:2156: checking for a thread-safe mkdir -p
configure:2195: result: /bin/mkdir -p
configure:2208: checking for gawk
configure:2224: found /usr/bin/gawk
configure:2235: result: gawk
configure:2246: checking whether make sets $(MAKE)
configure:2268: result: yes
configure:2355: checking for gawk
configure:2382: result: gawk
configure:2441: checking for gcc
configure:2457: found /usr/bin/gcc
configure:2468: result: gcc
configure:2700: checking for C compiler version
configure:2708: gcc --version >&5
gcc (Debian 4.4.5-8) 4.4.5
Copyright (C) 2010 Free Software Foundation, Inc.
This is free software; see the source for copying conditions.  There is NO
warranty; not even for MERCHANTABILITY or FITNESS FOR A PARTICULAR PURPOSE.

configure:2712: $? = 0
configure:2719: gcc -v >&5
Using built-in specs.
Target: x86_64-linux-gnu
Configured with: ../src/configure -v --with-pkgversion='Debian 4.4.5-8' --with-bugurl=file:///usr/share/doc/gcc-4.4/README.Bugs --enable-languages=c,c++,fortran,objc,obj-c++ --prefix=/usr --program-suffix=-4.4 --enable-shared --enable-multiarch --enable-linker-build-id --with-system-zlib --libexecdir=/usr/lib --without-included-gettext --enable-threads=posix --with-gxx-include-dir=/usr/include/c++/4.4 --libdir=/usr/lib --enable-nls --enable-clocale=gnu --enable-libstdcxx-debug --enable-objc-gc --with-arch-32=i586 --with-tune=generic --enable-checking=release --build=x86_64-linux-gnu --host=x86_64-linux-gnu --target=x86_64-linux-gnu
Thread model: posix
gcc version 4.4.5 (Debian 4.4.5-8) 
configure:2723: $? = 0
configure:2730: gcc -V >&5
gcc: '-V' option must have argument
configure:2734: $? = 1
configure:2757: checking for C compiler default output file name
configure:2779: gcc    conftest.c  >&5
configure:2783: $? = 0
configure:2821: result: a.out
configure:2840: checking whether the C compiler works
configure:2850: ./a.out
configure:2854: $? = 0
configure:2873: result: yes
configure:2880: checking whether we are cross compiling
configure:2882: result: no
configure:2885: checking for suffix of executables
configure:2892: gcc -o conftest    conftest.c  >&5
configure:2896: $? = 0
configure:2922: result: 
configure:2928: checking for suffix of object files
configure:2954: gcc -c   conftest.c >&5
configure:2958: $? = 0
configure:2983: result: o
configure:2987: checking whether we are using the GNU C compiler
configure:3016: gcc -c   conftest.c >&5
configure:3023: $? = 0
configure:3040: result: yes
configure:3049: checking whether gcc accepts -g
configure:3079: gcc -c -g  conftest.c >&5
configure:3086: $? = 0
configure:3187: result: yes
configure:3204: checking for gcc option to accept ISO C89
configure:3278: gcc  -c -g -O2  conftest.c >&5
configure:3285: $? = 0
configure:3308: result: none needed
configure:3337: checking for style of include used by make
configure:3365: result: GNU
configure:3390: checking dependency style of gcc
configure:3500: result: none
configure:3520: checking how to run the C preprocessor
configure:3560: gcc -E  conftest.c
configure:3567: $? = 0
configure:3598: gcc -E  conftest.c
conftest.c:10:28: error: ac_nonexistent.h: No such file or directory
configure:3605: $? = 1
configure: failed program was:
| /* confdefs.h.  */
| #define PACKAGE_NAME ""
| #define PACKAGE_TARNAME ""
| #define PACKAGE_VERSION ""
| #define PACKAGE_STRING ""
| #define PACKAGE_BUGREPORT ""
| #define PACKAGE "tinyxpath"
| #define VERSION "1.1"
| /* end confdefs.h.  */
| #include <ac_nonexistent.h>
configure:3638: result: gcc -E
configure:3667: gcc -E  conftest.c
configure:3674: $? = 0
configure:3705: gcc -E  conftest.c
conftest.c:10:28: error: ac_nonexistent.h: No such file or directory
configure:3712: $? = 1
configure: failed program was:
| /* confdefs.h.  */
| #define PACKAGE_NAME ""
| #define PACKAGE_TARNAME ""
| #define PACKAGE_VERSION ""
| #define PACKAGE_STRING ""
| #define PACKAGE_BUGREPORT ""
| #define PACKAGE "tinyxpath"
| #define VERSION "1.1"
| /* end confdefs.h.  */
| #include <ac_nonexistent.h>
configure:3809: checking for g++
configure:3825: found /usr/bin/g++
configure:3836: result: g++
configure:3863: checking for C++ compiler version
configure:3871: g++ --version >&5
g++ (Debian 4.4.5-8) 4.4.5
Copyright (C) 2010 Free Software Foundation, Inc.
This is free software; see the source for copying conditions.  There is NO
warranty; not even for MERCHANTABILITY or FITNESS FOR A PARTICULAR PURPOSE.

configure:3875: $? = 0
configure:3882: g++ -v >&5
Using built-in specs.
Target: x86_64-linux-gnu
Configured with: ../src/configure -v --with-pkgversion='Debian 4.4.5-8' --with-bugurl=file:///usr/share/doc/gcc-4.4/README.Bugs --enable-languages=c,c++,fortran,objc,obj-c++ --prefix=/usr --program-suffix=-4.4 --enable-shared --enable-multiarch --enable-linker-build-id --with-system-zlib --libexecdir=/usr/lib --without-included-gettext --enable-threads=posix --with-gxx-include-dir=/usr/include/c++/4.4 --libdir=/usr/lib --enable-nls --enable-clocale=gnu --enable-libstdcxx-debug --enable-objc-gc --with-arch-32=i586 --with-tune=generic --enable-checking=release --build=x86_64-linux-gnu --host=x86_64-linux-gnu --target=x86_64-linux-gnu
Thread model: posix
gcc version 4.4.5 (Debian 4.4.5-8) 
configure:3886: $? = 0
configure:3893: g++ -V >&5
g++: '-V' option must have argument
configure:3897: $? = 1
configure:3900: checking whether we are using the GNU C++ compiler
configure:3929: g++ -c   conftest.cpp >&5
configure:3936: $? = 0
configure:3953: result: yes
configure:3962: checking whether g++ accepts -g
configure:3992: g++ -c -g  conftest.cpp >&5
configure:3999: $? = 0
configure:4100: result: yes
configure:4125: checking dependency style of g++
configure:4235: result: none
configure:4264: checking for a BSD-compatible install
configure:4332: result: /usr/bin/install -c
configure:4343: checking whether ln -s works
configure:4347: result: yes
configure:4397: checking for ranlib
configure:4413: found /usr/bin/ranlib
configure:4424: result: ranlib
configure:4449: checking for main in -lm
configure:4478: gcc -o conftest -g -O2   conftest.c -lm   >&5
configure:4485: $? = 0
configure:4506: result: yes
configure:4526: checking for dirent.h that defines DIR
configure:4555: gcc -c -g -O2  conftest.c >&5
configure:4562: $? = 0
configure:4579: result: yes
configure:4594: checking for library containing opendir
configure:4635: gcc -o conftest -g -O2   conftest.c -lm  >&5
configure:4642: $? = 0
configure:4673: result: none required
configure:4772: checking for grep that handles long lines and -e
configure:4832: result: /bin/grep
configure:4837: checking for egrep
configure:4901: result: /bin/grep -E
configure:4906: checking for ANSI C header files
configure:4936: gcc -c -g -O2  conftest.c >&5
configure:4943: $? = 0
configure:5042: gcc -o conftest -g -O2   conftest.c -lm  >&5
configure:5046: $? = 0
configure:5052: ./conftest
configure:5056: $? = 0
configure:5074: result: yes
configure:5084: checking for sys/wait.h that is POSIX.1 compatible
configure:5120: gcc -c -g -O2  conftest.c >&5
configure:5127: $? = 0
configure:5142: result: yes
configure:5166: checking for sys/types.h
configure:5187: gcc -c -g -O2  conftest.c >&5
configure:5194: $? = 0
configure:5211: result: yes
configure:5166: checking for sys/stat.h
configure:5187: gcc -c -g -O2  conftest.c >&5
configure:5194: $? = 0
configure:5211: result: yes
configure:5166: checking for stdlib.h
configure:5187: gcc -c -g -O2  conftest.c >&5
configure:5194: $? = 0
configure:5211: result: yes
configure:5166: checking for string.h
configure:5187: gcc -c -g -O2  conftest.c >&5
configure:5194: $? = 0
configure:5211: result: yes
configure:5166: checking for memory.h
configure:5187: gcc -c -g -O2  conftest.c >&5
configure:5194: $? = 0
configure:5211: result: yes
configure:5166: checking for strings.h
configure:5187: gcc -c -g -O2  conftest.c >&5
configure:5194: $? = 0
configure:5211: result: yes
configure:5166: checking for inttypes.h
configure:5187: gcc -c -g -O2  conftest.c >&5
configure:5194: $? = 0
configure:5211: result: yes
configure:5166: checking for stdint.h
configure:5187: gcc -c -g -O2  conftest.c >&5
configure:5194: $? = 0
configure:5211: result: yes
configure:5166: checking for unistd.h
configure:5187: gcc -c -g -O2  conftest.c >&5
configure:5194: $? = 0
configure:5211: result: yes
configure:5243: checking fcntl.h usability
configure:5260: gcc -c -g -O2  conftest.c >&5
configure:5267: $? = 0
configure:5281: result: yes
configure:5285: checking fcntl.h presence
configure:5300: gcc -E  conftest.c
configure:5307: $? = 0
configure:5321: result: yes
configure:5349: checking for fcntl.h
configure:5358: result: yes
configure:5243: checking sys/time.h usability
configure:5260: gcc -c -g -O2  conftest.c >&5
configure:5267: $? = 0
configure:5281: result: yes
configure:5285: checking sys/time.h presence
configure:5300: gcc -E  conftest.c
configure:5307: $? = 0
configure:5321: result: yes
configure:5349: checking for sys/time.h
configure:5358: result: yes
configure:5232: checking for unistd.h
configure:5239: result: yes
configure:5374: checking for an ANSI C-conforming const
configure:5449: gcc -c -g -O2  conftest.c >&5
configure:5456: $? = 0
configure:5471: result: yes
configure:5481: checking whether time.h and sys/time.h may both be included
configure:5511: gcc -c -g -O2  conftest.c >&5
configure:5518: $? = 0
configure:5533: result: yes
configure:5548: checking for socket
configure:5604: gcc -o conftest -g -O2   conftest.c -lm  >&5
configure:5611: $? = 0
configure:5633: result: yes
configure:5815: creating ./config.status

## ---------------------- ##
## Running config.status. ##
## ---------------------- ##

This file was extended by config.status, which was
generated by GNU Autoconf 2.63.  Invocation command line was

  CONFIG_FILES    = 
  CONFIG_HEADERS  = 
  CONFIG_LINKS    = 
  CONFIG_COMMANDS = 
  $ ./config.status 

on pearl

config.status:702: creating Makefile
config.status:913: executing depfiles commands

## ---------------- ##
## Cache variables. ##
## ---------------- ##

ac_cv_c_compiler_gnu=yes
ac_cv_c_const=yes
ac_cv_cxx_compiler_gnu=yes
ac_cv_env_CCC_set=
ac_cv_env_CCC_value=
ac_cv_env_CC_set=
ac_cv_env_CC_value=
ac_cv_env_CFLAGS_set=
ac_cv_env_CFLAGS_value=
ac_cv_env_CPPFLAGS_set=
ac_cv_env_CPPFLAGS_value=
ac_cv_env_CPP_set=
ac_cv_env_CPP_value=
ac_cv_env_CXXFLAGS_set=
ac_cv_env_CXXFLAGS_value=
ac_cv_env_CXX_set=
ac_cv_env_CXX_value=
ac_cv_env_LDFLAGS_set=
ac_cv_env_LDFLAGS_value=
ac_cv_env_LIBS_set=
ac_cv_env_LIBS_value=
ac_cv_env_build_alias_set=
ac_cv_env_build_alias_value=
ac_cv_env_host_alias_set=
ac_cv_env_host_alias_value=
ac_cv_env_target_alias_set=
ac_cv_env_target_alias_value=
ac_cv_func_socket=yes
ac_cv_header_dirent_dirent_h=yes
ac_cv_header_fcntl_h=yes
ac_cv_header_inttypes_h=yes
ac_cv_header_memory_h=yes
ac_cv_header_stdc=yes
ac_cv_header_stdint_h=yes
ac_cv_header_stdlib_h=yes
ac_cv_header_string_h=yes
ac_cv_header_strings_h=yes
ac_cv_header_sys_stat_h=yes
ac_cv_header_sys_time_h=yes
ac_cv_header_sys_types_h=yes
ac_cv_header_sys_wait_h=yes
ac_cv_header_time=yes
ac_cv_header_unistd_h=yes
ac_cv_lib_m_main=yes
ac_cv_objext=o
ac_cv_path_EGREP='/bin/grep -E'
ac_cv_path_GREP=/bin/grep
ac_cv_path_install='/usr/bin/install -c'
ac_cv_path_mkdir=/bin/mkdir
ac_cv_prog_AWK=gawk
ac_cv_prog_CPP='gcc -E'
ac_cv_prog_ac_ct_CC=gcc
ac_cv_prog_ac_ct_CXX=g++
ac_cv_prog_ac_ct_RANLIB=ranlib
ac_cv_prog_cc_c89=
ac_cv_prog_cc_g=yes
ac_cv_prog_cxx_g=yes
ac_cv_prog_make_make_set=yes
ac_cv_search_opendir='none required'
am_cv_CC_dependencies_compiler_type=none
am_cv_CXX_dependencies_compiler_type=none

## ----------------- ##
## Output variables. ##
## ----------------- ##

ACLOCAL='aclocal-1.11'
AMDEPBACKSLASH='\'
AMDEP_FALSE='#'
AMDEP_TRUE=''
AMTAR='tar'
AUTOCONF='autoconf'
AUTOHEADER='autoheader'
AUTOMAKE='automake-1.11'
AWK='gawk'
CC='gcc'
CCDEPMODE='depmode=none'
CFLAGS='-g -O2'
CPP='gcc -E'
CPPFLAGS=''
CXX='g++'
CXXDEPMODE='depmode=none'
CXXFLAGS='-g -O2'
CYGPATH_W='echo'
DEFS='-DPACKAGE_NAME=\"\" -DPACKAGE_TARNAME=\"\" -DPACKAGE_VERSION=\"\" -DPACKAGE_STRING=\"\" -DPACKAGE_BUGREPORT=\"\" -DPACKAGE=\"tinyxpath\" -DVERSION=\"1.1\" -DHAVE_LIBM=1 -DHAVE_DIRENT_H=1 -DSTDC_HEADERS=1 -DHAVE_SYS_WAIT_H=1 -DHAVE_SYS_TYPES_H=1 -DHAVE_SYS_STAT_H=1 -DHAVE_STDLIB_H=1 -DHAVE_STRING_H=1 -DHAVE_MEMORY_H=1 -DHAVE_STRINGS_H=1 -DHAVE_INTTYPES_H=1 -DHAVE_STDINT_H=1 -DHAVE_UNISTD_H=1 -DHAVE_FCNTL_H=1 -DHAVE_SYS_TIME_H=1 -DHAVE_UNISTD_H=1 -DTIME_WITH_SYS_TIME=1 -DHAVE_SOCKET=1'
DEPDIR='.deps'
ECHO_C=''
ECHO_N='-n'
ECHO_T=''
EGREP='/bin/grep -E'
EXEEXT=''
GREP='/bin/grep'
INSTALL_DATA='${INSTALL} -m 644'
INSTALL_PROGRAM='${INSTALL}'
INSTALL_SCRIPT='${INSTALL}'
INSTALL_STRIP_PROGRAM='$(install_sh) -c -s'
LDFLAGS=''
LIBOBJS=''
LIBS='-lm '
LN_S='ln -s'
LTLIBOBJS=''
MAKEINFO='makeinfo'
MKDIR_P='/bin/mkdir -p'
OBJEXT='o'
PACKAGE='tinyxpath'
PACKAGE_BUGREPORT=''
PACKAGE_NAME=''
PACKAGE_STRING=''
PACKAGE_TARNAME=''
PACKAGE_VERSION=''
PATH_SEPARATOR=':'
RANLIB='ranlib'
SET_MAKE=''
SHELL='/bin/bash'
STRIP=''
VERSION='1.1'
ac_ct_CC='gcc'
ac_ct_CXX='g++'
am__EXEEXT_FALSE=''
am__EXEEXT_TRUE='#'
am__fastdepCC_FALSE=''
am__fastdepCC_TRUE='#'
am__fastdepCXX_FALSE=''
am__fastdepCXX_TRUE='#'
am__include='include'
am__isrc=''
am__leading_dot='.'
am__quote=''
am__tar='${AMTAR} chof - "$$tardir"'
am__untar='${AMTAR} xf -'
bindir='${exec_prefix}/bin'
build_alias=''
datadir='${datarootdir}'
datarootdir='${prefix}/share'
docdir='${datarootdir}/doc/${PACKAGE}'
dvidir='${docdir}'
exec_prefix='${prefix}'
host_alias=''
htmldir='${docdir}'
includedir='${prefix}/include'
infodir='${datarootdir}/info'
install_sh='${SHELL} /home/hill/sim/OverSim-20101103/src/tier2/xmlpsapp/tinyxpath/install-sh'
libdir='${exec_prefix}/lib'
libexecdir='${exec_prefix}/libexec'
localedir='${datarootdir}/locale'
localstatedir='${prefix}/var'
mandir='${datarootdir}/man'
mkdir_p='/bin/mkdir -p'
oldincludedir='/usr/include'
pdfdir='${docdir}'
prefix='/usr/local'
program_transform_name='s,x,x,'
psdir='${docdir}'
sbindir='${exec_prefix}/sbin'
sharedstatedir='${prefix}/com'
sysconfdir='${prefix}/etc'
target_alias=''

## ----------- ##
## confdefs.h. ##
## ----------- ##

#define PACKAGE_NAME ""
#define PACKAGE_TARNAME ""
#define PACKAGE_VERSION ""
#define PACKAGE_STRING ""
#define PACKAGE_BUGREPORT ""
#define PACKAGE "tinyxpath"
#define VERSION "1.1"
#define HAVE_LIBM 1
#define HAVE_DIRENT_H 1
#define STDC_HEADERS 1
#define HAVE_SYS_WAIT_H 1
#define HAVE_SYS_TYPES_H 1
#define HAVE_SYS_STAT_H 1
#define HAVE_STDLIB_H 1
#define HAVE_STRING_H 1
#define HAVE_MEMORY_H 1
#define HAVE_STRINGS_H 1
#define HAVE_INTTYPES_H 1
#define HAVE_STDINT_H 1
#define HAVE_UNISTD_H 1
#define HAVE_FCNTL_H 1
#define HAVE_SYS_TIME_H 1
#define HAVE_UNISTD_H 1
#define TIME_WITH_SYS_TIME 1
#define HAVE_SOCKET 1

configure: exit 0
